2025-04-04 10:16:41.587562 - Received CBT.V508.FILE471.PDS from FILE471.XMI 
2025-04-04 10:16:41.588757 - Found $$$#DATE.txt (text/plain) in CBT.V508.FILE471.PDS, moved to PDS/$$$#DATE
2025-04-04 10:16:41.588908 - Found @FILE471.txt (text/plain) in CBT.V508.FILE471.PDS, moved to PDS/@FILE471
2025-04-04 10:16:41.589051 - Found ATEND.txt (text/plain) in CBT.V508.FILE471.PDS, moved to PDS/ATEND
2025-04-04 10:16:41.589179 - Found ATEXIT.txt (text/plain) in CBT.V508.FILE471.PDS, moved to PDS/ATEXIT
2025-04-04 10:16:41.589307 - Found BLEND.txt (text/plain) in CBT.V508.FILE471.PDS, moved to PDS/BLEND
2025-04-04 10:16:41.589430 - Found BLOCK.txt (text/plain) in CBT.V508.FILE471.PDS, moved to PDS/BLOCK
2025-04-04 10:16:41.589577 - Found CASE.txt (text/plain) in CBT.V508.FILE471.PDS, moved to PDS/CASE
2025-04-04 10:16:41.589720 - Found CASEND.txt (text/plain) in CBT.V508.FILE471.PDS, moved to PDS/CASEND
2025-04-04 10:16:41.589840 - Found CORP.txt (text/plain) in CBT.V508.FILE471.PDS, moved to PDS/CORP
2025-04-04 10:16:41.589987 - Found CVTOD.txt (text/plain) in CBT.V508.FILE471.PDS, moved to PDS/CVTOD
2025-04-04 10:16:41.590110 - Found DO.txt (text/plain) in CBT.V508.FILE471.PDS, moved to PDS/DO
2025-04-04 10:16:41.590237 - Found DOCASE.txt (text/plain) in CBT.V508.FILE471.PDS, moved to PDS/DOCASE
2025-04-04 10:16:41.590355 - Found DOCASEND.txt (text/plain) in CBT.V508.FILE471.PDS, moved to PDS/DOCASEND
2025-04-04 10:16:41.590475 - Found DOEND.txt (text/plain) in CBT.V508.FILE471.PDS, moved to PDS/DOEND
2025-04-04 10:16:41.590625 - Found ELSE.txt (text/plain) in CBT.V508.FILE471.PDS, moved to PDS/ELSE
2025-04-04 10:16:41.590779 - Found ENTER.txt (text/plain) in CBT.V508.FILE471.PDS, moved to PDS/ENTER
2025-04-04 10:16:41.590907 - Found ESAC.txt (text/plain) in CBT.V508.FILE471.PDS, moved to PDS/ESAC
2025-04-04 10:16:41.591036 - Found ESACOD.txt (text/plain) in CBT.V508.FILE471.PDS, moved to PDS/ESACOD
2025-04-04 10:16:41.591170 - Found EXIT.txt (text/plain) in CBT.V508.FILE471.PDS, moved to PDS/EXIT
2025-04-04 10:16:41.591303 - Found FI.txt (text/plain) in CBT.V508.FILE471.PDS, moved to PDS/FI
2025-04-04 10:16:41.591433 - Found FINAL.txt (text/plain) in CBT.V508.FILE471.PDS, moved to PDS/FINAL
2025-04-04 10:16:41.591587 - Found IF.txt (text/plain) in CBT.V508.FILE471.PDS, moved to PDS/IF
2025-04-04 10:16:41.591765 - Found IFEND.txt (text/plain) in CBT.V508.FILE471.PDS, moved to PDS/IFEND
2025-04-04 10:16:41.591896 - Found LEAVE.txt (text/plain) in CBT.V508.FILE471.PDS, moved to PDS/LEAVE
2025-04-04 10:16:41.592025 - Found OD.txt (text/plain) in CBT.V508.FILE471.PDS, moved to PDS/OD
2025-04-04 10:16:41.592148 - Found ONEND.txt (text/plain) in CBT.V508.FILE471.PDS, moved to PDS/ONEND
2025-04-04 10:16:41.592264 - Found ONEXIT.txt (text/plain) in CBT.V508.FILE471.PDS, moved to PDS/ONEXIT
2025-04-04 10:16:41.592380 - Found PROC.txt (text/plain) in CBT.V508.FILE471.PDS, moved to PDS/PROC
2025-04-04 10:16:41.592497 - Found PROCEND.txt (text/plain) in CBT.V508.FILE471.PDS, moved to PDS/PROCEND
2025-04-04 10:16:41.592628 - Found PROLOGUE.txt (text/plain) in CBT.V508.FILE471.PDS, moved to PDS/PROLOGUE
2025-04-04 10:16:41.592752 - Found REQUATE.txt (text/plain) in CBT.V508.FILE471.PDS, moved to PDS/REQUATE
2025-04-04 10:16:41.592872 - Found STRCCEP.txt (text/plain) in CBT.V508.FILE471.PDS, moved to PDS/STRCCEP
2025-04-04 10:16:41.593006 - Found STRCGBLS.txt (text/plain) in CBT.V508.FILE471.PDS, moved to PDS/STRCGBLS
2025-04-04 10:16:41.593125 - Found STRCPOP.txt (text/plain) in CBT.V508.FILE471.PDS, moved to PDS/STRCPOP
2025-04-04 10:16:41.593242 - Found STRCPUSH.txt (text/plain) in CBT.V508.FILE471.PDS, moved to PDS/STRCPUSH
2025-04-04 10:16:41.593360 - Found STRCSCND.txt (text/plain) in CBT.V508.FILE471.PDS, moved to PDS/STRCSCND
2025-04-04 10:16:41.593479 - Found STRCTDL.txt (text/plain) in CBT.V508.FILE471.PDS, moved to PDS/STRCTDL
2025-04-04 10:16:41.593611 - Found STRCTRAC.txt (text/plain) in CBT.V508.FILE471.PDS, moved to PDS/STRCTRAC
2025-04-04 10:16:41.593727 - Found STRCVERF.txt (text/plain) in CBT.V508.FILE471.PDS, moved to PDS/STRCVERF
2025-04-04 10:16:41.593860 - Found STRCXFND.txt (text/plain) in CBT.V508.FILE471.PDS, moved to PDS/STRCXFND
2025-04-04 10:16:41.593979 - Found STRCXHEX.txt (text/plain) in CBT.V508.FILE471.PDS, moved to PDS/STRCXHEX
2025-04-04 10:16:41.594098 - Found WS.txt (text/plain) in CBT.V508.FILE471.PDS, moved to PDS/WS
